# JRE version: OpenJDK Runtime Environment (25.0+36) (build 25+36-3489)
# Java VM: OpenJDK 64-Bit Server VM (25+36-3489, mixed mode, sharing, tiered, compressed oops, compressed class ptrs, serial gc, windows-amd64)
GC Precious Log:
 CardTable entry size: 512
 CPUs: 8 total, 8 available
 Memory: 32145M
 Large Page Support: Disabled
 NUMA Support: Disabled
 Compressed Oops: Enabled (32-bit)
 Heap Min Capacity: 8M
 Heap Initial Capacity: 256M
 Heap Max Capacity: 256M
 Pre-touch: Disabled
Heap:
 DefNew     total 78656K, used 3647K [0x00000000f0000000, 0x00000000f5550000, 0x00000000f5550000)
  eden space 69952K,   5% used [0x00000000f0000000, 0x00000000f038ffa8, 0x00000000f4450000)
  from space 8704K,   0% used [0x00000000f4cd0000, 0x00000000f4cd0000, 0x00000000f5550000)
  to   space 8704K,   0% used [0x00000000f4450000, 0x00000000f4450000, 0x00000000f4cd0000)
 Tenured    total 174784K, used 18628K [0x00000000f5550000, 0x0000000100000000, 0x0000000100000000)
  the  space 174784K,  10% used [0x00000000f5550000, 0x00000000f6781208, 0x0000000100000000)
GC Heap Usage History (12 events):
Event: 1.242 {heap Before GC invocations=0 (full 0):
 DefNew     total 78656K, used 69952K [0x00000000f0000000, 0x00000000f5550000, 0x00000000f5550000)
  eden space 69952K, 100% used [0x00000000f0000000, 0x00000000f4450000, 0x00000000f4450000)
  from space 8704K,   0% used [0x00000000f4450000, 0x00000000f4450000, 0x00000000f4cd0000)
  to   space 8704K,   0% used [0x00000000f4cd0000, 0x00000000f4cd0000, 0x00000000f5550000)
 Tenured    total 174784K, used 1171K [0x00000000f5550000, 0x0000000100000000, 0x0000000100000000)Event: 1.256 {heap After GC invocations=1 (full 0):
 DefNew     total 78656K, used 6276K [0x00000000f0000000, 0x00000000f5550000, 0x00000000f5550000)
  eden space 69952K,   0% used [0x00000000f0000000, 0x00000000f0000000, 0x00000000f4450000)
  from space 8704K,  72% used [0x00000000f4cd0000, 0x00000000f52f10c8, 0x00000000f5550000)
  to   space 8704K,   0% used [0x00000000f4450000, 0x00000000f4450000, 0x00000000f4cd0000)
 Tenured    total 174784K, used 1171K [0x00000000f5550000, 0x0000000100000000, 0x0000000100000000)
 Event: 1.958 {heap Before GC invocations=1 (full 0):
 DefNew     total 78656K, used 76228K [0x00000000f0000000, 0x00000000f5550000, 0x00000000f5550000)
  eden space 69952K, 100% used [0x00000000f0000000, 0x00000000f4450000, 0x00000000f4450000)
  from space 8704K,  72% used [0x00000000f4cd0000, 0x00000000f52f10c8, 0x00000000f5550000)
  to   space 8704K,   0% used [0x00000000f4450000, 0x00000000f4450000, 0x00000000f4cd0000)
 Tenured    total 174784K, used 1171K [0x00000000f5550000, 0x0000000100000000, 0x0000000100000000)Event: 1.979 {heap After GC invocations=2 (full 0):
 DefNew     total 78656K, used 6429K [0x00000000f0000000, 0x00000000f5550000, 0x00000000f5550000)
  eden space 69952K,   0% used [0x00000000f0000000, 0x00000000f0000000, 0x00000000f4450000)
  from space 8704K,  73% used [0x00000000f4450000, 0x00000000f4a974e8, 0x00000000f4cd0000)
  to   space 8704K,   0% used [0x00000000f4cd0000, 0x00000000f4cd0000, 0x00000000f5550000)
 Tenured    total 174784K, used 7398K [0x00000000f5550000, 0x0000000100000000, 0x0000000100000000)
 Event: 2.449 {heap Before GC invocations=2 (full 0):
 DefNew     total 78656K, used 76381K [0x00000000f0000000, 0x00000000f5550000, 0x00000000f5550000)
  eden space 69952K, 100% used [0x00000000f0000000, 0x00000000f4450000, 0x00000000f4450000)
  from space 8704K,  73% used [0x00000000f4450000, 0x00000000f4a974e8, 0x00000000f4cd0000)
  to   space 8704K,   0% used [0x00000000f4cd0000, 0x00000000f4cd0000, 0x00000000f5550000)
 Tenured    total 174784K, used 7398K [0x00000000f5550000, 0x0000000100000000, 0x0000000100000000)Event: 2.463 {heap After GC invocations=3 (full 0):
 DefNew     total 78656K, used 2769K [0x00000000f0000000, 0x00000000f5550000, 0x00000000f5550000)
  eden space 69952K,   0% used [0x00000000f0000000, 0x00000000f0000000, 0x00000000f4450000)
  from space 8704K,  31% used [0x00000000f4cd0000, 0x00000000f4f845e0, 0x00000000f5550000)
  to   space 8704K,   0% used [0x00000000f4450000, 0x00000000f4450000, 0x00000000f4cd0000)
 Tenured    total 174784K, used 12906K [0x00000000f5550000, 0x0000000100000000, 0x0000000100000000)
Event: 2.579 {heap Before GC invocations=3 (full 0):
 DefNew     total 78656K, used 71048K [0x00000000f0000000, 0x00000000f5550000, 0x00000000f5550000)
  eden space 69952K,  97% used [0x00000000f0000000, 0x00000000f42add58, 0x00000000f4450000)
  from space 8704K,  31% used [0x00000000f4cd0000, 0x00000000f4f845e0, 0x00000000f5550000)
  to   space 8704K,   0% used [0x00000000f4450000, 0x00000000f4450000, 0x00000000f4cd0000)
 Tenured    total 174784K, used 12906K [0x00000000f5550000, 0x0000000100000000, 0x0000000100000000Event: 2.584 {heap After GC invocations=4 (full 0):
 DefNew     total 78656K, used 3487K [0x00000000f0000000, 0x00000000f5550000, 0x00000000f5550000)
  eden space 69952K,   0% used [0x00000000f0000000, 0x00000000f0000000, 0x00000000f4450000)
  from space 8704K,  40% used [0x00000000f4450000, 0x00000000f47b7f70, 0x00000000f4cd0000)
  to   space 8704K,   0% used [0x00000000f4cd0000, 0x00000000f4cd0000, 0x00000000f5550000)
 Tenured    total 174784K, used 12906K [0x00000000f5550000, 0x0000000100000000, 0x0000000100000000)
Event: 2.991 {heap Before GC invocations=4 (full 0):
 DefNew     total 78656K, used 73439K [0x00000000f0000000, 0x00000000f5550000, 0x00000000f5550000)
  eden space 69952K, 100% used [0x00000000f0000000, 0x00000000f4450000, 0x00000000f4450000)
  from space 8704K,  40% used [0x00000000f4450000, 0x00000000f47b7f70, 0x00000000f4cd0000)
  to   space 8704K,   0% used [0x00000000f4cd0000, 0x00000000f4cd0000, 0x00000000f5550000)
 Tenured    total 174784K, used 12906K [0x00000000f5550000, 0x0000000100000000, 0x0000000100000000Event: 2.997 {heap After GC invocations=5 (full 0):
 DefNew     total 78656K, used 5301K [0x00000000f0000000, 0x00000000f5550000, 0x00000000f5550000)
  eden space 69952K,   0% used [0x00000000f0000000, 0x00000000f0000000, 0x00000000f4450000)
  from space 8704K,  60% used [0x00000000f4cd0000, 0x00000000f51fd408, 0x00000000f5550000)
  to   space 8704K,   0% used [0x00000000f4450000, 0x00000000f4450000, 0x00000000f4cd0000)
 Tenured    total 174784K, used 12906K [0x00000000f5550000, 0x0000000100000000, 0x0000000100000000)
Event: 3.276 {heap Before GC invocations=5 (full 0):
 DefNew     total 78656K, used 15763K [0x00000000f0000000, 0x00000000f5550000, 0x00000000f5550000)
  eden space 69952K,  14% used [0x00000000f0000000, 0x00000000f0a37b50, 0x00000000f4450000)
  from space 8704K,  60% used [0x00000000f4cd0000, 0x00000000f51fd408, 0x00000000f5550000)
  to   space 8704K,   0% used [0x00000000f4450000, 0x00000000f4450000, 0x00000000f4cd0000)
 Tenured    total 174784K, used 12906K [0x00000000f5550000, 0x0000000100000000, 0x0000000100000000Event: 3.324 {heap After GC invocations=6 (full 1):
 DefNew     total 78656K, used 0K [0x00000000f0000000, 0x00000000f5550000, 0x00000000f5550000)
  eden space 69952K,   0% used [0x00000000f0000000, 0x00000000f0000000, 0x00000000f4450000)
  from space 8704K,   0% used [0x00000000f4cd0000, 0x00000000f4cd0000, 0x00000000f5550000)
  to   space 8704K,   0% used [0x00000000f4450000, 0x00000000f4450000, 0x00000000f4cd0000)
 Tenured    total 174784K, used 18628K [0x00000000f5550000, 0x0000000100000000, 0x0000000100000000)
  t
Metaspace Usage History (12 events):
Event: 1.242 {metaspace Before GC invocations=0 (full 0):
 Metaspace       used 12927K, committed 13184K, reserved 1114112K
  class space    used 1219K, committed 1344K, reserved 1048576K
}
Event: 1.256 {metaspace After GC invocations=1 (full 0):
 Metaspace       used 12927K, committed 13184K, reserved 1114112K
  class space    used 1219K, committed 1344K, reserved 1048576K
}
Event: 1.958 {metaspace Before GC invocations=1 (full 0):
 Metaspace       used 15727K, committed 16000K, reserved 1114112K
  class space    used 1466K, committed 1600K, reserved 1048576K
}
Event: 1.979 {metaspace After GC invocations=2 (full 0):
 Metaspace       used 15727K, committed 16000K, reserved 1114112K
  class space    used 1466K, committed 1600K, reserved 1048576K
}
Event: 2.449 {metaspace Before GC invocations=2 (full 0):
 Metaspace       used 16474K, committed 16704K, reserved 1114112K
  class space    used 1491K, committed 1600K, reserved 1048576K
}
Event: 2.463 {metaspace After GC invocations=3 (full 0):
 Metaspace       used 16474K, committed 16704K, reserved 1114112K
  class space    used 1491K, committed 1600K, reserved 1048576K
}
Event: 2.579 {metaspace Before GC invocations=3 (full 0):
 Metaspace       used 17360K, committed 17664K, reserved 1114112K
  class space    used 1589K, committed 1728K, reserved 1048576K
}
Event: 2.584 {metaspace After GC invocations=4 (full 0):
 Metaspace       used 17360K, committed 17664K, reserved 1114112K
  class space    used 1589K, committed 1728K, reserved 1048576K
}
Event: 2.991 {metaspace Before GC invocations=4 (full 0):
 Metaspace       used 19859K, committed 20160K, reserved 1114112K
  class space    used 1769K, committed 1920K, reserved 1048576K
}
Event: 2.997 {metaspace After GC invocations=5 (full 0):
 Metaspace       used 19859K, committed 20160K, reserved 1114112K
  class space    used 1769K, committed 1920K, reserved 1048576K
}
Event: 3.276 {metaspace Before GC invocations=5 (full 0):
 Metaspace       used 21255K, committed 21504K, reserved 1114112K
  class space    used 1913K, committed 2048K, reserved 1048576K
}
Event: 3.324 {metaspace After GC invocations=6 (full 1):
 Metaspace       used 21255K, committed 21504K, reserved 1114112K
  class space    used 1913K, committed 2048K, reserved 1048576K
}

